<?xml version="1.0" encoding="UTF-8"?>
<testng-results skipped="0" failed="0" ignored="0" total="1" passed="1">
  <reporter-output>
  </reporter-output>
  <suite name="Default suite" duration-ms="24832" started-at="2018-05-12T03:04:16Z" finished-at="2018-05-12T03:04:41Z">
    <groups>
    </groups>
    <test name="Default test" duration-ms="24832" started-at="2018-05-12T03:04:16Z" finished-at="2018-05-12T03:04:41Z">
      <class name="SelBasic.FirstTestScript">
        <test-method status="PASS" signature="testMytest()[pri:0, instance:SelBasic.FirstTestScript@c038203]" name="testMytest" duration-ms="24809" started-at="2018-05-12T08:34:16Z" finished-at="2018-05-12T08:34:41Z">
          <reporter-output>
          </reporter-output>
        </test-method> <!-- testMytest -->
      </class> <!-- SelBasic.FirstTestScript -->
    </test> <!-- Default test -->
  </suite> <!-- Default suite -->
</testng-results>
